GROUP,PACKAGE,CLASS,INSTRUCTION_MISSED,INSTRUCTION_COVERED,BRANCH_MISSED,BRANCH_COVERED,LINE_MISSED,LINE_COVERED,COMPLEXITY_MISSED,COMPLEXITY_COVERED,METHOD_MISSED,METHOD_COVERED
splate,com.github.mygreen.splate.type,TextConversionException,15,0,0,0,6,0,2,0,2,0
splate,com.github.mygreen.splate.type,SqlTemplateValueType,2,5,1,1,1,2,1,1,0,1
splate,com.github.mygreen.splate.type,SqlTypeConversionException,15,0,0,0,6,0,2,0,2,0
splate,com.github.mygreen.splate.type,SqlTemplateValueTypeRegistry.ValueTypeHolder,0,10,0,2,0,3,0,2,0,1
splate,com.github.mygreen.splate.type,SqlTemplateValueTypeRegistry,41,176,8,22,4,39,9,13,1,6
splate,com.github.mygreen.splate,TwoWaySqlException,5,4,0,0,2,2,1,1,1,1
splate,com.github.mygreen.splate,TemplateLoader,48,73,1,7,8,18,1,7,0,4
splate,com.github.mygreen.splate,SqlUtils,47,123,9,11,11,25,10,7,2,5
splate,com.github.mygreen.splate,MapSqlContext,51,46,6,2,9,14,7,4,3,4
splate,com.github.mygreen.splate,SqlContext,52,18,10,2,6,6,8,2,2,2
splate,com.github.mygreen.splate,SqlTemplateEngine,19,145,4,8,1,29,4,14,0,12
splate,com.github.mygreen.splate,EmptyValueSqlContext,4,3,0,0,1,1,1,1,1,1
splate,com.github.mygreen.splate,SqlTemplate,0,17,0,0,0,3,0,1,0,1
splate,com.github.mygreen.splate,BeanPropertySqlContext,19,18,3,1,4,7,3,2,1,2
splate,com.github.mygreen.splate.node,SqlNode,14,11,0,0,4,5,1,2,1,2
splate,com.github.mygreen.splate.node,BindVariableNode,18,37,0,0,5,10,1,2,1,2
splate,com.github.mygreen.splate.node,ElseNode,10,10,0,0,3,5,1,2,1,2
splate,com.github.mygreen.splate.node,ParenBindVariableNode,51,128,6,12,13,33,7,7,2,3
splate,com.github.mygreen.splate.node,AbstractNode,0,24,0,0,0,7,0,4,0,4
splate,com.github.mygreen.splate.node,EmbeddedValueNode,23,50,2,4,6,13,3,3,1,2
splate,com.github.mygreen.splate.node,AddWhereIfNode,47,0,4,0,15,0,6,0,4,0
splate,com.github.mygreen.splate.node,BeginNode,10,21,0,2,3,7,1,3,1,2
splate,com.github.mygreen.splate.node,ProcessContext,0,97,0,2,0,24,0,9,0,8
splate,com.github.mygreen.splate.node,ContainerNode,10,17,0,2,3,5,1,3,1,2
splate,com.github.mygreen.splate.node,IfNode,22,42,0,4,6,13,1,4,1,2
splate,com.github.mygreen.splate.node,PrefixSqlNode,18,21,1,1,5,8,2,2,1,2
splate,com.github.mygreen.splate.parser,SqlParser,96,379,21,50,18,97,21,37,2,19
splate,com.github.mygreen.splate.parser,SqlTokenizer,95,503,30,71,25,115,29,42,6,13
splate,com.github.mygreen.splate.parser,SqlTokenizer.TokenType,0,54,0,0,0,6,0,1,0,1
